{
  "RSpec": {
    "coverage": {
      "/Users/phuahlimae/Programming/movies/app/helpers/application_helper.rb": [
        1,
        null
      ],
      "/Users/phuahlimae/Programming/movies/app/helpers/home_helper.rb": [
        1,
        null
      ],
      "/Users/phuahlimae/Programming/movies/app/helpers/movies_helper.rb": [
        1,
        1,
        0,
        null,
        null
      ],
      "/Users/phuahlimae/Programming/movies/app/helpers/people_helper.rb": [
        1,
        null
      ],
      "/Users/phuahlimae/Programming/movies/app/helpers/reviews_helper.rb": [
        1,
        null
      ],
      "/Users/phuahlimae/Programming/movies/app/helpers/roles_helper.rb": [
        1,
        null
      ],
      "/Users/phuahlimae/Programming/movies/app/helpers/users_helper.rb": [
        1,
        null
      ],
      "/Users/phuahlimae/Programming/movies/app/helpers/visitor_helper.rb": [
        1,
        null
      ],
      "/Users/phuahlimae/Programming/movies/spec/support/devise.rb": [
        1,
        1,
        1,
        null,
        1,
        67,
        null,
        null
      ],
      "/Users/phuahlimae/Programming/movies/spec/support/factory_girl.rb": [
        1,
        1,
        null
      ],
      "/Users/phuahlimae/Programming/movies/spec/support/request_helper.rb": [
        null,
        1,
        1,
        0,
        null,
        1,
        0,
        0,
        0,
        0,
        null,
        null,
        1,
        9,
        9,
        9,
        9,
        null,
        null,
        1,
        37,
        37,
        37,
        37,
        null,
        null,
        1,
        37,
        37,
        37,
        37,
        null,
        null,
        null,
        1,
        1,
        null
      ],
      "/Users/phuahlimae/Programming/movies/spec/support/session_helpers.rb": [
        1,
        1,
        6,
        6,
        6,
        6,
        6,
        null,
        6,
        null,
        6,
        null,
        null,
        null,
        6,
        null,
        null,
        1,
        51,
        51,
        51,
        51,
        51,
        null,
        null,
        null,
        1,
        1,
        1,
        1,
        null,
        null,
        null,
        1,
        1,
        null
      ],
      "/Users/phuahlimae/Programming/movies/spec/features/admin/movies/edit.html.haml_spec.rb": [
        1,
        null,
        1,
        1,
        2,
        2,
        2,
        null,
        1,
        1,
        1,
        1,
        1,
        null,
        null,
        1,
        1,
        1,
        1,
        1,
        null,
        null
      ],
      "/Users/phuahlimae/Programming/movies/spec/features/admin/movies/index.html.haml_spec.rb": [
        1,
        null,
        1,
        1,
        2,
        2,
        2,
        null,
        1,
        1,
        null,
        null,
        1,
        1,
        1,
        null,
        null,
        null,
        1,
        1,
        1,
        1,
        1,
        null,
        1,
        1,
        1,
        null,
        null,
        null
      ],
      "/Users/phuahlimae/Programming/movies/spec/features/admin/movies/new.html.haml_spec.rb": [
        1,
        null,
        1,
        null,
        1,
        6,
        null,
        null,
        1,
        2,
        2,
        2,
        2,
        2,
        2,
        2,
        2,
        2,
        2,
        null,
        null,
        1,
        1,
        1,
        1,
        1,
        1,
        1,
        1,
        1,
        1,
        1,
        1,
        null,
        null,
        1,
        1,
        null,
        null,
        1,
        1,
        1,
        1,
        null,
        null,
        1,
        1,
        1,
        1,
        null,
        null,
        1,
        1,
        1,
        1,
        1,
        1,
        1,
        1,
        null,
        null,
        1,
        1,
        1,
        null,
        null,
        1,
        1,
        1,
        1,
        1,
        null,
        null
      ],
      "/Users/phuahlimae/Programming/movies/spec/features/admin/movies/show.html.haml_spec.rb": [
        1,
        null,
        1,
        1,
        10,
        10,
        10,
        null,
        null,
        1,
        1,
        null,
        1,
        1,
        null,
        null,
        1,
        1,
        null,
        null,
        1,
        1,
        null,
        null,
        1,
        1,
        null,
        null,
        1,
        1,
        null,
        null,
        1,
        1,
        null,
        null,
        1,
        1,
        null,
        null,
        1,
        1,
        null,
        1,
        1,
        1,
        null,
        null
      ],
      "/Users/phuahlimae/Programming/movies/spec/features/devise/profile_show_spec.rb": [
        1,
        null,
        null,
        1,
        1,
        1,
        1,
        1,
        1,
        null,
        null,
        null,
        null
      ],
      "/Users/phuahlimae/Programming/movies/spec/features/devise/sign_in_spec.rb": [
        1,
        null,
        1,
        1,
        1,
        null,
        null,
        1,
        1,
        1,
        1,
        null,
        null,
        1,
        1,
        1,
        1,
        null,
        null,
        1,
        1,
        1,
        1,
        null,
        null,
        null
      ],
      "/Users/phuahlimae/Programming/movies/spec/features/devise/sign_out_spec.rb": [
        null,
        null,
        null,
        null,
        1,
        null,
        1,
        1,
        1,
        1,
        null,
        null,
        null,
        null
      ],
      "/Users/phuahlimae/Programming/movies/spec/features/devise/sign_up_spec.rb": [
        1,
        null,
        1,
        1,
        1,
        null,
        null,
        null,
        null,
        1,
        1,
        1,
        null,
        null,
        1,
        1,
        1,
        null,
        null,
        1,
        1,
        1,
        null,
        null,
        1,
        1,
        1,
        null,
        null,
        1,
        1,
        1,
        null,
        null,
        null
      ],
      "/Users/phuahlimae/Programming/movies/spec/features/discs/index.html.haml_spec.rb": [
        1,
        1,
        1,
        1,
        1,
        null,
        1,
        1,
        null,
        null
      ],
      "/Users/phuahlimae/Programming/movies/spec/features/discs/shelf_spec.rb": [
        1,
        1,
        3,
        3,
        3,
        null,
        1,
        1,
        null,
        1,
        1,
        1,
        null,
        null,
        1,
        1,
        1,
        null,
        null,
        null
      ],
      "/Users/phuahlimae/Programming/movies/spec/features/discs/show.html.haml_spec.rb": [
        1,
        1,
        2,
        2,
        2,
        null,
        1,
        1,
        null,
        1,
        1,
        1,
        null,
        null
      ],
      "/Users/phuahlimae/Programming/movies/spec/features/dvds/edit.html.haml_spec.rb": [
        1,
        null,
        1,
        1,
        null,
        null
      ],
      "/Users/phuahlimae/Programming/movies/spec/features/dvds/index.html.haml_spec.rb": [
        1,
        null,
        1,
        1,
        null,
        null
      ],
      "/Users/phuahlimae/Programming/movies/spec/features/dvds/new.html.haml_spec.rb": [
        1,
        1,
        0,
        0,
        0,
        0,
        null,
        null,
        null,
        null,
        null,
        null,
        null,
        null,
        null,
        null,
        null,
        null,
        null,
        null,
        null,
        null,
        null
      ],
      "/Users/phuahlimae/Programming/movies/spec/features/dvds/show.html.haml_spec.rb": [
        1,
        null,
        1,
        1,
        null,
        null
      ],
      "/Users/phuahlimae/Programming/movies/spec/features/people/edit.html.haml_spec.rb": [
        1,
        null,
        1,
        1,
        2,
        2,
        2,
        null,
        null,
        1,
        1,
        1,
        1,
        1,
        null,
        null,
        1,
        1,
        1,
        1,
        1,
        null,
        null
      ],
      "/Users/phuahlimae/Programming/movies/spec/features/people/index.html.haml_spec.rb": [
        1,
        null,
        1,
        1,
        1,
        null,
        null,
        1,
        1,
        null,
        null
      ],
      "/Users/phuahlimae/Programming/movies/spec/features/people/new.html.haml_spec.rb": [
        1,
        null,
        1,
        null,
        1,
        1,
        null,
        null
      ],
      "/Users/phuahlimae/Programming/movies/spec/features/people/show.html.haml_spec.rb": [
        1,
        null,
        1,
        1,
        1,
        null,
        null,
        1,
        1,
        null,
        null
      ],
      "/Users/phuahlimae/Programming/movies/spec/features/recommendations/index.html.haml_spec.rb": [
        1,
        null,
        1,
        1,
        1,
        null,
        null,
        1,
        null,
        null,
        null
      ],
      "/Users/phuahlimae/Programming/movies/spec/features/reviews/edit.html.haml_spec.rb": [
        1,
        null,
        1,
        1,
        null,
        null
      ],
      "/Users/phuahlimae/Programming/movies/spec/features/reviews/new.html.haml_spec.rb": [
        1,
        null,
        1,
        1,
        2,
        2,
        2,
        2,
        null,
        null,
        1,
        1,
        null,
        null,
        1,
        1,
        1,
        1,
        1,
        1,
        1,
        1,
        null,
        null,
        1,
        0,
        0,
        0,
        0,
        0,
        0,
        0,
        0,
        0,
        null,
        null,
        null,
        null,
        1,
        1,
        1,
        1,
        1,
        1,
        null,
        null,
        1,
        1,
        null,
        null
      ],
      "/Users/phuahlimae/Programming/movies/spec/features/reviews/show.html.haml_spec.rb": [
        1,
        null,
        1,
        1,
        null,
        null
      ],
      "/Users/phuahlimae/Programming/movies/spec/features/roles/edit.html.haml_spec.rb": [
        1,
        null,
        1,
        1,
        1,
        null,
        null,
        1,
        null,
        null
      ],
      "/Users/phuahlimae/Programming/movies/spec/features/roles/index.html.haml_spec.rb": [
        1,
        null,
        1,
        1,
        1,
        null,
        null,
        1,
        null,
        null
      ],
      "/Users/phuahlimae/Programming/movies/spec/features/roles/new.html.haml_spec.rb": [
        1,
        null,
        1,
        1,
        1,
        null,
        null,
        1,
        null,
        null
      ],
      "/Users/phuahlimae/Programming/movies/spec/features/roles/show.html.haml_spec.rb": [
        1,
        null,
        1,
        1,
        1,
        null,
        null,
        1,
        null,
        null
      ],
      "/Users/phuahlimae/Programming/movies/spec/features/users/edit.html.haml_spec.rb": [
        1,
        null,
        1,
        1,
        2,
        2,
        2,
        null,
        null,
        1,
        1,
        1,
        1,
        1,
        1,
        null,
        null,
        1,
        1,
        1,
        1,
        1,
        null,
        null
      ],
      "/Users/phuahlimae/Programming/movies/spec/features/users/index.html.haml_spec.rb": [
        1,
        null,
        1,
        1,
        5,
        5,
        5,
        null,
        null,
        1,
        1,
        null,
        null,
        1,
        1,
        1,
        null,
        null,
        1,
        1,
        1,
        null,
        1,
        1,
        1,
        1,
        null,
        1,
        1,
        1,
        1,
        null,
        null,
        null,
        1,
        1,
        1,
        1,
        1,
        null,
        1,
        1,
        1,
        null,
        null
      ],
      "/Users/phuahlimae/Programming/movies/spec/features/users/new.html.haml_spec.rb": [
        1,
        null,
        1,
        null,
        1,
        5,
        null,
        null,
        1,
        1,
        1,
        1,
        1,
        1,
        null,
        null,
        1,
        1,
        1,
        1,
        1,
        1,
        1,
        null,
        null,
        1,
        1,
        null,
        null,
        1,
        1,
        1,
        1,
        null,
        null,
        1,
        1,
        1,
        1,
        null,
        null,
        1,
        1,
        1,
        1,
        1,
        1,
        1,
        1,
        null,
        null,
        1,
        1,
        1,
        null,
        null,
        null
      ],
      "/Users/phuahlimae/Programming/movies/spec/features/users/show.html.haml_spec.rb": [
        1,
        null,
        1,
        1,
        1,
        1,
        null,
        null,
        1,
        1,
        null,
        null
      ],
      "/Users/phuahlimae/Programming/movies/spec/features/visitor/index_spec.rb": [
        1,
        null,
        1,
        1,
        1,
        null,
        null
      ],
      "/Users/phuahlimae/Programming/movies/spec/helpers/dvd_helper_spec.rb": [
        1,
        null,
        1,
        null
      ],
      "/Users/phuahlimae/Programming/movies/spec/helpers/home_helper_spec.rb": [
        1,
        null,
        null,
        null,
        null,
        null,
        null,
        null,
        null,
        null,
        null,
        null,
        1,
        null,
        null
      ],
      "/Users/phuahlimae/Programming/movies/spec/helpers/movies_helper_spec.rb": [
        1,
        null,
        null,
        null,
        null,
        null,
        null,
        null,
        null,
        null,
        null,
        null,
        1,
        null,
        null
      ],
      "/Users/phuahlimae/Programming/movies/spec/helpers/people_helper_spec.rb": [
        1,
        null,
        null,
        null,
        null,
        null,
        null,
        null,
        null,
        null,
        null,
        null,
        1,
        null
      ],
      "/Users/phuahlimae/Programming/movies/spec/helpers/reviews_helper_spec.rb": [
        1,
        null,
        null,
        null,
        null,
        null,
        null,
        null,
        null,
        null,
        null,
        null,
        1,
        null
      ],
      "/Users/phuahlimae/Programming/movies/spec/helpers/roles_helper_spec.rb": [
        1,
        null,
        null,
        null,
        null,
        null,
        null,
        null,
        null,
        null,
        null,
        null,
        1,
        null
      ],
      "/Users/phuahlimae/Programming/movies/spec/helpers/users_helper_spec.rb": [
        1,
        null,
        null,
        null,
        null,
        null,
        null,
        null,
        null,
        null,
        null,
        null,
        1,
        null
      ],
      "/Users/phuahlimae/Programming/movies/spec/helpers/visitor_helper_spec.rb": [
        1,
        null,
        null,
        null,
        null,
        null,
        null,
        null,
        null,
        null,
        null,
        null,
        1,
        null,
        null
      ],
      "/Users/phuahlimae/Programming/movies/spec/models/disc_spec.rb": [
        1,
        null,
        1,
        1,
        1,
        null,
        null
      ],
      "/Users/phuahlimae/Programming/movies/app/models/disc.rb": [
        1,
        1,
        1,
        1,
        null,
        1,
        0,
        0,
        null,
        null
      ],
      "/Users/phuahlimae/Programming/movies/spec/models/dvd_spec.rb": [
        1,
        null,
        1,
        1,
        1,
        null,
        1,
        1,
        null,
        1,
        1,
        null,
        1,
        1,
        null,
        null
      ],
      "/Users/phuahlimae/Programming/movies/app/models/dvd.rb": [
        1,
        1,
        1,
        1,
        null
      ],
      "/Users/phuahlimae/Programming/movies/spec/models/movie_spec.rb": [
        1,
        null,
        1,
        1,
        1,
        null,
        1,
        1,
        null,
        1,
        1,
        null,
        1,
        1,
        1,
        null,
        null,
        1,
        1,
        4,
        null,
        1,
        1,
        1,
        null,
        null,
        1,
        1,
        1,
        null,
        null,
        1,
        1,
        1,
        1,
        null,
        null,
        1,
        1,
        1,
        1,
        null,
        null,
        null,
        null,
        1,
        1,
        4,
        null,
        1,
        1,
        1,
        null,
        1,
        1,
        1,
        null,
        1,
        1,
        1,
        1,
        null,
        1,
        1,
        1,
        1,
        null,
        null,
        null
      ],
      "/Users/phuahlimae/Programming/movies/app/models/movie.rb": [
        1,
        1,
        1,
        1,
        1,
        1,
        1,
        null,
        1,
        1,
        1,
        1,
        1,
        1,
        null,
        1,
        47,
        null,
        1,
        46,
        null,
        1,
        7,
        null,
        1,
        0,
        null,
        null
      ],
      "/Users/phuahlimae/Programming/movies/spec/models/person_spec.rb": [
        1,
        null,
        1,
        1,
        1,
        null,
        1,
        1,
        null,
        1,
        1,
        null,
        1,
        1,
        null,
        null,
        1,
        1,
        4,
        null,
        1,
        1,
        1,
        null,
        1,
        1,
        1,
        null,
        1,
        1,
        1,
        1,
        null,
        1,
        1,
        1,
        1,
        null,
        null,
        null
      ],
      "/Users/phuahlimae/Programming/movies/app/models/person.rb": [
        1,
        1,
        1,
        null,
        1,
        1,
        1,
        1,
        1,
        null
      ],
      "/Users/phuahlimae/Programming/movies/spec/models/review_spec.rb": [
        1,
        1,
        1,
        9,
        null,
        null,
        1,
        1,
        null,
        null,
        1,
        1,
        null,
        null,
        1,
        1,
        null,
        null,
        1,
        1,
        null,
        null,
        1,
        1,
        null,
        null,
        1,
        1,
        null,
        null,
        1,
        1,
        1,
        null,
        null,
        1,
        1,
        null,
        null,
        1,
        1,
        null,
        null,
        null
      ],
      "/Users/phuahlimae/Programming/movies/app/models/review.rb": [
        1,
        1,
        null,
        1,
        null,
        null,
        1,
        1,
        1,
        null,
        1,
        1,
        null,
        null
      ],
      "/Users/phuahlimae/Programming/movies/spec/models/role_spec.rb": [
        1,
        null,
        1,
        1,
        1,
        null,
        null,
        1,
        1,
        null,
        null,
        1,
        1,
        1,
        null,
        null,
        1,
        1,
        1,
        null,
        null,
        1,
        1,
        1,
        null,
        null
      ],
      "/Users/phuahlimae/Programming/movies/app/models/role.rb": [
        1,
        1,
        1,
        1,
        null
      ],
      "/Users/phuahlimae/Programming/movies/spec/models/user_spec.rb": [
        1,
        null,
        1,
        1,
        1,
        null,
        1,
        1,
        null,
        1,
        1,
        null,
        1,
        1,
        1,
        1,
        null,
        1,
        1,
        1,
        1,
        null,
        null,
        1,
        1,
        4,
        null,
        1,
        1,
        null,
        1,
        1,
        1,
        null,
        1,
        1,
        1,
        1,
        null,
        1,
        1,
        1,
        1,
        null,
        null,
        null,
        1,
        1,
        1,
        1,
        null,
        1,
        1,
        1,
        1,
        null,
        null,
        null
      ],
      "/Users/phuahlimae/Programming/movies/app/controllers/application_controller.rb": [
        1,
        1,
        null,
        1,
        null,
        1,
        null,
        1,
        122,
        null,
        null
      ],
      "/Users/phuahlimae/Programming/movies/app/controllers/discs_controller.rb": [
        1,
        1,
        null,
        1,
        49,
        49,
        null,
        null,
        1,
        null,
        null,
        1,
        2,
        2,
        2,
        null,
        null,
        1,
        null,
        null,
        1,
        0,
        0,
        0,
        0,
        0,
        0,
        0,
        null,
        0,
        0,
        null,
        null,
        null,
        null,
        1,
        0,
        0,
        0,
        0,
        null,
        0,
        0,
        null,
        null,
        null,
        null,
        1,
        0,
        0,
        0,
        0,
        null,
        null,
        null,
        1,
        1,
        9,
        null,
        null,
        1,
        0,
        null,
        null
      ],
      "/Users/phuahlimae/Programming/movies/app/controllers/admin/movies_controller.rb": [
        1,
        1,
        1,
        null,
        null,
        null,
        1,
        4,
        4,
        null,
        null,
        null,
        null,
        1,
        null,
        null,
        null,
        1,
        5,
        null,
        null,
        null,
        1,
        null,
        null,
        null,
        null,
        1,
        4,
        null,
        4,
        4,
        6,
        3,
        null,
        2,
        1,
        null,
        null,
        null,
        null,
        null,
        null,
        1,
        2,
        2,
        2,
        1,
        null,
        2,
        1,
        null,
        null,
        null,
        null,
        null,
        null,
        1,
        0,
        0,
        0,
        0,
        null,
        null,
        null,
        1,
        null,
        1,
        18,
        null,
        null,
        null,
        1,
        6,
        null,
        null
      ],
      "/Users/phuahlimae/Programming/movies/app/controllers/visitor_controller.rb": [
        1,
        1,
        null,
        null
      ],
      "/Users/phuahlimae/Programming/movies/app/controllers/reviews_controller.rb": [
        1,
        1,
        null,
        null,
        null,
        1,
        0,
        null,
        null,
        null,
        null,
        1,
        null,
        null,
        null,
        1,
        4,
        1,
        null,
        3,
        null,
        null,
        null,
        null,
        null,
        1,
        null,
        null,
        null,
        null,
        1,
        1,
        1,
        1,
        1,
        1,
        0,
        0,
        null,
        2,
        1,
        null,
        null,
        null,
        null,
        null,
        null,
        1,
        0,
        0,
        0,
        0,
        null,
        0,
        0,
        null,
        null,
        null,
        null,
        null,
        null,
        1,
        0,
        0,
        0,
        0,
        null,
        null,
        null,
        1,
        null,
        1,
        6,
        6,
        null,
        null,
        null,
        1,
        1,
        null,
        null
      ],
      "/Users/phuahlimae/Programming/movies/app/controllers/admin/people_controller.rb": [
        1,
        1,
        1,
        null,
        null,
        null,
        1,
        0,
        0,
        null,
        null,
        null,
        null,
        1,
        null,
        null,
        null,
        1,
        0,
        null,
        null,
        null,
        1,
        null,
        null,
        null,
        null,
        1,
        0,
        null,
        0,
        0,
        0,
        0,
        null,
        0,
        0,
        null,
        null,
        null,
        null,
        null,
        null,
        1,
        2,
        2,
        2,
        1,
        null,
        2,
        1,
        null,
        null,
        null,
        null,
        null,
        null,
        1,
        0,
        0,
        0,
        0,
        null,
        null,
        null,
        1,
        null,
        1,
        5,
        null,
        null,
        null,
        1,
        2,
        null,
        null,
        null
      ],
      "/Users/phuahlimae/Programming/movies/app/controllers/admin/users_controller.rb": [
        1,
        1,
        1,
        null,
        null,
        null,
        1,
        8,
        8,
        null,
        null,
        null,
        null,
        1,
        null,
        null,
        null,
        1,
        4,
        null,
        null,
        null,
        1,
        null,
        null,
        null,
        null,
        1,
        3,
        null,
        3,
        3,
        4,
        2,
        null,
        2,
        1,
        null,
        null,
        null,
        null,
        null,
        null,
        1,
        2,
        2,
        2,
        1,
        null,
        2,
        1,
        null,
        null,
        null,
        null,
        null,
        null,
        1,
        0,
        0,
        0,
        0,
        null,
        null,
        null,
        1,
        null,
        1,
        8,
        null,
        null,
        null,
        1,
        5,
        null,
        null
      ]
    },
    "timestamp": 1507210079
  }
}
